[debug] [2021-07-19T10:26:47.551Z] ----------------------------------------------------------------------
[debug] [2021-07-19T10:26:47.552Z] Command:       C:\Program Files\nodejs\node.exe C:\Users\BAO\AppData\Roaming\npm\node_modules\firebase-tools\lib\bin\firebase.js init
[debug] [2021-07-19T10:26:47.553Z] CLI Version:   9.16.0
[debug] [2021-07-19T10:26:47.553Z] Platform:      win32
[debug] [2021-07-19T10:26:47.553Z] Node Version:  v14.17.3
[debug] [2021-07-19T10:26:47.553Z] Time:          Mon Jul 19 2021 17:26:47 GMT+0700 (Indochina Time)
[debug] [2021-07-19T10:26:47.553Z] ----------------------------------------------------------------------
[debug] 
[debug] [2021-07-19T10:26:47.559Z] > command requires scopes: ["email","openid","https://www.googleapis.com/auth/cloudplatformprojects.readonly","https://www.googleapis.com/auth/firebase","https://www.googleapis.com/auth/cloud-platform"]
[debug] [2021-07-19T10:26:47.559Z] > authorizing via signed-in user (baoduong5555@gmail.com)
[info] 
     ######## #### ########  ######## ########     ###     ######  ########
     ##        ##  ##     ## ##       ##     ##  ##   ##  ##       ##
     ######    ##  ########  ######   ########  #########  ######  ######
     ##        ##  ##    ##  ##       ##     ## ##     ##       ## ##
     ##       #### ##     ## ######## ########  ##     ##  ######  ########

You're about to initialize a Firebase project in this directory:

  E:\littlelives\javascript

[info] 
=== Project Setup
[info] 
[info] First, let's associate this project directory with a Firebase project.
[info] You can create multiple project aliases by running firebase use --add, 
[info] but for now we'll just set up a default project.
[info] 
[debug] [2021-07-19T10:26:55.727Z] >>> [apiv2][query] GET https://firebase.googleapis.com/v1beta1/projects pageSize=100
[debug] [2021-07-19T10:26:56.140Z] <<< [apiv2][status] GET https://firebase.googleapis.com/v1beta1/projects 200
[debug] [2021-07-19T10:26:56.140Z] <<< [apiv2][body] GET https://firebase.googleapis.com/v1beta1/projects [omitted]
[info] i  Using project master-5e7b5 (Master) 
[info] 
=== Hosting:github Setup
[info] 
[info] i  Detected a .git folder at E:\littlelives\javascript 
[info] i  Authorizing with GitHub to upload your service account to a GitHub repository's secrets store. 
[info] 
[info] Visit this URL on this device to log in:
[info] https://github.com/login/oauth/authorize?client_id=89cf50f02ac6aaed3484&state=305481338&redirect_uri=http%3A%2F%2Flocalhost%3A9005&scope=read%3Auser%20repo%20public_repo
[info] 
[info] Waiting for authentication...
[debug] [2021-07-19T10:27:01.121Z] >>> HTTP REQUEST POST https://github.com/login/oauth/access_token  
 {"client_id":"89cf50f02ac6aaed3484","client_secret":"3330d14abc895d9a74d5f17cd7a00711fa2c5bf0","code":"b7d81c5e23f67227593b","redirect_uri":"http://localhost:9005","state":"305481338"}
[debug] [2021-07-19T10:27:01.518Z] <<< HTTP RESPONSE 200 {"server":"GitHub.com","date":"Mon, 19 Jul 2021 10:27:01 GMT","content-type":"application/json; charset=utf-8","transfer-encoding":"chunked","vary":"X-PJAX, Accept-Encoding, Accept, X-Requested-With","permissions-policy":"interest-cohort=()","etag":"W/\"96521a227dd41d6194edb3c339bfff78\"","cache-control":"max-age=0, private, must-revalidate","strict-transport-security":"max-age=31536000; includeSubdomains; preload","x-frame-options":"deny","x-content-type-options":"nosniff","x-xss-protection":"0","referrer-policy":"origin-when-cross-origin, strict-origin-when-cross-origin","expect-ct":"max-age=2592000, report-uri=\"https://api.github.com/_private/browser/errors\"","content-security-policy":"default-src 'none'; base-uri 'self'; block-all-mixed-content; connect-src 'self' uploads.github.com www.githubstatus.com collector.githubapp.com api.github.com github-cloud.s3.amazonaws.com github-production-repository-file-5c1aeb.s3.amazonaws.com github-production-upload-manifest-file-7fdce7.s3.amazonaws.com github-production-user-asset-6210df.s3.amazonaws.com cdn.optimizely.com logx.optimizely.com/v1/events translator.github.com wss://alive.github.com; font-src github.githubassets.com; form-action 'self' github.com gist.github.com; frame-ancestors 'none'; frame-src render.githubusercontent.com render-temp.githubusercontent.com viewscreen.githubusercontent.com; img-src 'self' data: github.githubassets.com identicons.github.com collector.githubapp.com github-cloud.s3.amazonaws.com secured-user-images.githubusercontent.com/ *.githubusercontent.com; manifest-src 'self'; media-src 'none'; script-src github.githubassets.com; style-src 'unsafe-inline' github.githubassets.com; worker-src github.com/socket-worker-3f088aa2.js gist.github.com/socket-worker-3f088aa2.js","x-github-request-id":"F40F:08B9:3E5AEB:450D44:60F55375"}
[debug] [2021-07-19T10:27:01.520Z] >>> [apiv2][query] GET https://api.github.com/user [none]
[debug] [2021-07-19T10:27:01.966Z] <<< [apiv2][status] GET https://api.github.com/user 200
[debug] [2021-07-19T10:27:01.967Z] <<< [apiv2][body] GET https://api.github.com/user {"login":"Baoduong5555","id":87646243,"node_id":"MDQ6VXNlcjg3NjQ2MjQz","avatar_url":"https://avatars.githubusercontent.com/u/87646243?v=4","gravatar_id":"","url":"https://api.github.com/users/Baoduong5555","html_url":"https://github.com/Baoduong5555","followers_url":"https://api.github.com/users/Baoduong5555/followers","following_url":"https://api.github.com/users/Baoduong5555/following{/other_user}","gists_url":"https://api.github.com/users/Baoduong5555/gists{/gist_id}","starred_url":"https://api.github.com/users/Baoduong5555/starred{/owner}{/repo}","subscriptions_url":"https://api.github.com/users/Baoduong5555/subscriptions","organizations_url":"https://api.github.com/users/Baoduong5555/orgs","repos_url":"https://api.github.com/users/Baoduong5555/repos","events_url":"https://api.github.com/users/Baoduong5555/events{/privacy}","received_events_url":"https://api.github.com/users/Baoduong5555/received_events","type":"User","site_admin":false,"name":null,"company":null,"blog":"","location":null,"email":null,"hireable":null,"bio":null,"twitter_username":null,"public_repos":1,"public_gists":0,"followers":0,"following":0,"created_at":"2021-07-19T10:23:45Z","updated_at":"2021-07-19T10:23:46Z","private_gists":0,"total_private_repos":0,"owned_private_repos":0,"disk_usage":0,"collaborators":0,"two_factor_authentication":false,"plan":{"name":"free","space":976562499,"collaborators":0,"private_repos":10000}}
[info] 
[info] +  Success! Logged into GitHub as Baoduong5555 
[info] 
